Start auto log messages stack - Iteration 1.	[MsgId: MMSG-10545]
Post_Request.c(58): Notify: ****************   web_add_header is called internally from web_rest. The following messages are from web_add_header   *****************
Post_Request.c(58): web_add_header("Content-Type") started  	[MsgId: MMSG-26355]
Post_Request.c(58): Warning -26594: The header being added may cause unpredictable results if applied to ALL the URLs generated on behalf of the next script function. It will apply to the primary URL only.  	[MsgId: MWAR-26594]
Post_Request.c(58): web_add_header("Content-Type") highest severity level was "warning"  	[MsgId: MMSG-26391]
Post_Request.c(58): Notify: ****************   End of messages from web_add_header   *****************
Post_Request.c(58): Error -27778: Timeout (120 seconds) exceeded while waiting to receive data for URL "http://localhost:9001/submit"  	[MsgId: MERR-27778]
End auto log messages stack.	[MsgId: MMSG-10544]


Start auto log messages stack - Iteration 1.	[MsgId: MMSG-10545]
Post_Request.c(58): Aborting download of URL "http://localhost:9001/submit" (RelFrameId=1, Internal ID=3) (e.g., due to the target document or object being deleted)  	[MsgId: MMSG-26507]
Post_Request.c(58): Error -26377: No match found for the requested parameter "EntireBodyResponse". Either the specified boundaries were not found in the response or the matched text is longer than current max html parameter size of 256 bytes. The total length of the response is 0 bytes. You can use "web_set_max_html_param_len" to increase the max parameter size.  	[MsgId: MERR-26377]
Post_Request.c(58): Error -26374: The above "not found" error(s) may be explained by header and body byte counts being 0 and 0, respectively.  	[MsgId: MERR-26374]
End auto log messages stack.	[MsgId: MMSG-10544]


Start auto log messages stack - Iteration 2.	[MsgId: MMSG-10545]
Starting action Action.	[MsgId: MMSG-15919]
Action.c(27): Notify: Transaction "VALIDATE_RESPONSE" started.	[MsgId: MMSG-16999]
Action.c(32): web_reg_save_param started  	[MsgId: MMSG-26355]
Action.c(32): Registering web_reg_save_param was successful  	[MsgId: MMSG-26390]
Action.c(36): web_rest("GET: http://localhost:9001/url") started  	[MsgId: MMSG-26355]
Action.c(36): Warning -26499: Internal Error - Invalid mhHostPortHandle=1 for nSize=1 in LrwUtilHostPortMgr::IsHostPortHandleOK for this=07EB71B4 from UpdateAsyncConnectionAllocationCount  	[MsgId: MWAR-26499]
Action.c(36): Error -27722: Step download timeout (120 seconds) has expired when downloading resource "http://localhost:9001/url"  	[MsgId: MERR-27722]
End auto log messages stack.	[MsgId: MMSG-10544]


Start auto log messages stack - Iteration 2.	[MsgId: MMSG-10545]
Action.c(36): Aborting pending download of URL="http://localhost:9001/url" (RelFrameId=1, Internal ID=4)  	[MsgId: MMSG-27650]
Action.c(36): Error -26377: No match found for the requested parameter "EntireBodyResponse". Either the specified boundaries were not found in the response or the matched text is longer than current max html parameter size of 256 bytes. The total length of the response is 0 bytes. You can use "web_set_max_html_param_len" to increase the max parameter size.  	[MsgId: MERR-26377]
Action.c(36): Error -26374: The above "not found" error(s) may be explained by header and body byte counts being 0 and 0, respectively.  	[MsgId: MERR-26374]
End auto log messages stack.	[MsgId: MMSG-10544]


